2020-04-16 08:53:43 com.hyp.SpringstartApplication -Starting SpringstartApplication on FEWSDM3SFDRW78Z with PID 11608 (started by Administrator in D:\IdeaWorkSpace\springstart（就是刚写的）\springstart)
2020-04-16 08:53:43 com.hyp.SpringstartApplication -No active profile set, falling back to default profiles: default
2020-04-16 08:53:43 org.hibernate.validator.internal.util.Version -HV000001: Hibernate Validator 5.3.6.Final
2020-04-16 08:53:43 org.springframework.boot.context.embedded.AnnotationConfigEmbeddedWebApplicationContext -Refreshing org.springframework.boot.context.embedded.AnnotationConfigEmbeddedWebApplicationContext@6fc1522: startup date [Thu Apr 16 08:53:43 CST 2020]; root of context hierarchy
2020-04-16 08:53:46 org.springframework.boot.context.embedded.tomcat.TomcatEmbeddedServletContainer -Tomcat initialized with port(s): 8080 (http)
2020-04-16 08:53:46 org.apache.coyote.http11.Http11NioProtocol -Initializing ProtocolHandler ["http-nio-8080"]
2020-04-16 08:53:46 org.apache.catalina.core.StandardService -Starting service [Tomcat]
2020-04-16 08:53:46 org.apache.catalina.core.StandardEngine -Starting Servlet Engine: Apache Tomcat/8.5.40
2020-04-16 08:53:46 org.apache.jasper.servlet.TldScanner -At least one JAR was scanned for TLDs yet contained no TLDs. Enable debug logging for this logger for a complete list of JARs that were scanned but no TLDs were found in them. Skipping unneeded JARs during scanning can improve startup time and JSP compilation time.
2020-04-16 08:53:46 org.apache.catalina.core.ContainerBase.[Tomcat].[localhost].[/] -Initializing Spring embedded WebApplicationContext
2020-04-16 08:53:46 org.springframework.web.context.ContextLoader -Root WebApplicationContext: initialization completed in 3184 ms
2020-04-16 08:53:47 org.springframework.boot.web.servlet.ServletRegistrationBean -Mapping servlet: 'dispatcherServlet' to [/]
2020-04-16 08:53:47 org.springframework.boot.web.servlet.ServletRegistrationBean -Mapping servlet: 'statViewServlet' to [/druid/*]
2020-04-16 08:53:47 org.springframework.boot.web.servlet.FilterRegistrationBean -Mapping filter: 'characterEncodingFilter' to: [/*]
2020-04-16 08:53:47 org.springframework.boot.web.servlet.FilterRegistrationBean -Mapping filter: 'webStatFilter' to urls: [/*]
2020-04-16 08:53:47 com.alibaba.druid.spring.boot.autoconfigure.DruidDataSourceAutoConfigure -Init DruidDataSource
2020-04-16 08:53:49 com.alibaba.druid.pool.DruidDataSource -{dataSource-1} inited
2020-04-16 08:53:50 org.springframework.web.servlet.mvc.method.annotation.RequestMappingHandlerMapping -Mapped "{[/]}" onto public java.lang.String com.hyp.controller.Index.index()
2020-04-16 08:53:50 org.springframework.web.servlet.mvc.method.annotation.RequestMappingHandlerMapping -Mapped "{[/journal]}" onto public java.lang.String com.hyp.controller.journal.Index.index()
2020-04-16 08:53:50 org.springframework.web.servlet.mvc.method.annotation.RequestMappingHandlerMapping -Mapped "{[/journal/showlist],methods=[GET]}" onto public java.lang.String com.hyp.controller.journal.Index.showJournalList(org.springframework.ui.ModelMap)
2020-04-16 08:53:50 org.springframework.web.servlet.mvc.method.annotation.RequestMappingHandlerMapping -Mapped "{[/journal/showjournal]}" onto public java.lang.String com.hyp.controller.journal.Index.showJournal(java.lang.String,java.lang.Integer,org.springframework.ui.ModelMap)
2020-04-16 08:53:50 org.springframework.web.servlet.mvc.method.annotation.RequestMappingHandlerMapping -Mapped "{[/picturewall]}" onto public java.lang.String com.hyp.controller.picturewall.Index.index()
2020-04-16 08:53:50 org.springframework.web.servlet.mvc.method.annotation.RequestMappingHandlerMapping -Mapped "{[/picturewall/showpicture],methods=[POST]}" onto public java.lang.String com.hyp.controller.picturewall.Index.showJournalList(java.lang.String,org.springframework.ui.ModelMap)
2020-04-16 08:53:50 org.springframework.web.servlet.mvc.method.annotation.RequestMappingHandlerMapping -Mapped "{[/videoimg]}" onto public java.lang.String com.hyp.controller.video.Index.index()
2020-04-16 08:53:50 org.springframework.web.servlet.mvc.method.annotation.RequestMappingHandlerMapping -Mapped "{[/videoimg/videoimglist],methods=[GET]}" onto public java.lang.String com.hyp.controller.video.Index.videoImgList(org.springframework.ui.ModelMap)
2020-04-16 08:53:50 org.springframework.web.servlet.mvc.method.annotation.RequestMappingHandlerMapping -Mapped "{[/videoimg/showvideo]}" onto public java.lang.String com.hyp.controller.video.Index.showVideo(java.lang.Integer,java.lang.String,org.springframework.ui.ModelMap)
2020-04-16 08:53:50 org.springframework.web.servlet.mvc.method.annotation.RequestMappingHandlerMapping -Mapped "{[/error]}" onto public org.springframework.http.ResponseEntity<java.util.Map<java.lang.String, java.lang.Object>> org.springframework.boot.autoconfigure.web.BasicErrorController.error(javax.servlet.http.HttpServletRequest)
2020-04-16 08:53:50 org.springframework.web.servlet.mvc.method.annotation.RequestMappingHandlerMapping -Mapped "{[/error],produces=[text/html]}" onto public org.springframework.web.servlet.ModelAndView org.springframework.boot.autoconfigure.web.BasicErrorController.errorHtml(javax.servlet.http.HttpServletRequest,javax.servlet.http.HttpServletResponse)
2020-04-16 08:53:50 org.springframework.web.servlet.handler.SimpleUrlHandlerMapping -Mapped URL path [/uploadImg/**] onto handler of type [class org.springframework.web.servlet.resource.ResourceHttpRequestHandler]
2020-04-16 08:53:50 org.springframework.web.servlet.handler.SimpleUrlHandlerMapping -Mapped URL path [/static/**] onto handler of type [class org.springframework.web.servlet.resource.ResourceHttpRequestHandler]
2020-04-16 08:53:50 org.springframework.web.servlet.mvc.method.annotation.RequestMappingHandlerAdapter -Looking for @ControllerAdvice: org.springframework.boot.context.embedded.AnnotationConfigEmbeddedWebApplicationContext@6fc1522: startup date [Thu Apr 16 08:53:43 CST 2020]; root of context hierarchy
2020-04-16 08:53:51 org.springframework.web.servlet.view.freemarker.FreeMarkerConfigurer -ClassTemplateLoader for Spring macros added to FreeMarker configuration
2020-04-16 08:53:51 org.thymeleaf.templatemode.TemplateMode -[THYMELEAF][restartedMain] Template Mode 'HTML5' is deprecated. Using Template Mode 'HTML' instead.
2020-04-16 08:53:51 org.springframework.boot.devtools.autoconfigure.OptionalLiveReloadServer -LiveReload server is running on port 35729
2020-04-16 08:53:51 org.springframework.jmx.export.annotation.AnnotationMBeanExporter -Registering beans for JMX exposure on startup
2020-04-16 08:53:51 org.springframework.jmx.export.annotation.AnnotationMBeanExporter -Bean with name 'statFilter' has been autodetected for JMX exposure
2020-04-16 08:53:51 org.springframework.jmx.export.annotation.AnnotationMBeanExporter -Bean with name 'dataSource' has been autodetected for JMX exposure
2020-04-16 08:53:51 org.springframework.jmx.export.annotation.AnnotationMBeanExporter -Located MBean 'dataSource': registering with JMX server as MBean [com.alibaba.druid.spring.boot.autoconfigure:name=dataSource,type=DruidDataSourceWrapper]
2020-04-16 08:53:51 org.springframework.jmx.export.annotation.AnnotationMBeanExporter -Located MBean 'statFilter': registering with JMX server as MBean [com.alibaba.druid.filter.stat:name=statFilter,type=StatFilter]
2020-04-16 08:53:51 org.apache.coyote.http11.Http11NioProtocol -Starting ProtocolHandler ["http-nio-8080"]
2020-04-16 08:53:51 org.apache.tomcat.util.net.NioSelectorPool -Using a shared selector for servlet write/read
2020-04-16 08:53:51 org.springframework.boot.context.embedded.tomcat.TomcatEmbeddedServletContainer -Tomcat started on port(s): 8080 (http)
2020-04-16 08:53:51 com.hyp.SpringstartApplication -Started SpringstartApplication in 9.089 seconds (JVM running for 12.655)
2020-04-16 08:54:20 org.apache.catalina.core.ContainerBase.[Tomcat].[localhost].[/] -Initializing Spring FrameworkServlet 'dispatcherServlet'
2020-04-16 08:54:20 org.springframework.web.servlet.DispatcherServlet -FrameworkServlet 'dispatcherServlet': initialization started
2020-04-16 08:54:20 org.springframework.web.servlet.DispatcherServlet -FrameworkServlet 'dispatcherServlet': initialization completed in 22 ms
